[18:36:31:805] [INFO] - com.lud.test.util.comm.io.FileUtilTest.test(FileUtilTest.java:41) - false
[18:36:34:106] [INFO] - com.lud.test.util.comm.io.W3CXMLTest.test(W3CXMLTest.java:50) - false
[18:36:34:109] [INFO] - com.lud.test.util.comm.io.W3CXMLTest.test(W3CXMLTest.java:52) - <?xml version="1.0" encoding="utf-8" standalone="no"?>
<xml>
<xx>2</xx>
<dx>3</dx>
<cx>4</cx>
<ax>1</ax>
<sign>&lt;?xml version="1.0" encoding="utf-8" standalone="no"?&gt;&#13;
&lt;xml&gt;&#13;
&lt;xx&gt;2&lt;/xx&gt;&#13;
&lt;dx&gt;3&lt;/dx&gt;&#13;
&lt;cx&gt;4&lt;/cx&gt;&#13;
&lt;ax&gt;1&lt;/ax&gt;&#13;
&lt;sign&gt;B49E16C86279507429F12B439D5B4772&lt;/sign&gt;&#13;
&lt;/xml&gt;</sign>
</xml>

[18:36:34:320] [INFO] - com.lud.test.util.comm.io.W3CXMLTest.test(W3CXMLTest.java:53) - {"xx":"2","dx":"3","cx":"4","ax":"1","sign":"<?xml version=\"1.0\" encoding=\"utf-8\" standalone=\"no\"?>\r\n<xml>\r\n<xx>2</xx>\r\n<dx>3</dx>\r\n<cx>4</cx>\r\n<ax>1</ax>\r\n<sign>B49E16C86279507429F12B439D5B4772</sign>\r\n</xml>"}
[18:36:34:640] [INFO] - com.lud.util.comm.io.XMLUtil.resolveRootConfigByGroup(XMLUtil.java:86) - 获取XML属性出错
java.lang.NullPointerException: null
	at com.lud.util.comm.io.XMLUtil.resolveRootConfigByGroup(XMLUtil.java:79) [classes/:?]
	at com.lud.test.util.comm.io.XMLTest.test(XMLTest.java:63) [test-classes/:?]
	at sun.reflect.NativeMethodAccessorImpl.invoke0(Native Method) ~[?:1.8.0_192]
	at sun.reflect.NativeMethodAccessorImpl.invoke(NativeMethodAccessorImpl.java:62) ~[?:1.8.0_192]
	at sun.reflect.DelegatingMethodAccessorImpl.invoke(DelegatingMethodAccessorImpl.java:43) ~[?:1.8.0_192]
	at java.lang.reflect.Method.invoke(Method.java:498) ~[?:1.8.0_192]
	at org.junit.runners.model.FrameworkMethod$1.runReflectiveCall(FrameworkMethod.java:50) [junit-4.12.jar:4.12]
	at org.junit.internal.runners.model.ReflectiveCallable.run(ReflectiveCallable.java:12) [junit-4.12.jar:4.12]
	at org.junit.runners.model.FrameworkMethod.invokeExplosively(FrameworkMethod.java:47) [junit-4.12.jar:4.12]
	at org.junit.internal.runners.statements.InvokeMethod.evaluate(InvokeMethod.java:17) [junit-4.12.jar:4.12]
	at org.junit.runners.ParentRunner.runLeaf(ParentRunner.java:325) [junit-4.12.jar:4.12]
	at org.junit.runners.BlockJUnit4ClassRunner.runChild(BlockJUnit4ClassRunner.java:78) [junit-4.12.jar:4.12]
	at org.junit.runners.BlockJUnit4ClassRunner.runChild(BlockJUnit4ClassRunner.java:57) [junit-4.12.jar:4.12]
	at org.junit.runners.ParentRunner$3.run(ParentRunner.java:290) [junit-4.12.jar:4.12]
	at org.junit.runners.ParentRunner$1.schedule(ParentRunner.java:71) [junit-4.12.jar:4.12]
	at org.junit.runners.ParentRunner.runChildren(ParentRunner.java:288) [junit-4.12.jar:4.12]
	at org.junit.runners.ParentRunner.access$000(ParentRunner.java:58) [junit-4.12.jar:4.12]
	at org.junit.runners.ParentRunner$2.evaluate(ParentRunner.java:268) [junit-4.12.jar:4.12]
	at org.junit.runners.ParentRunner.run(ParentRunner.java:363) [junit-4.12.jar:4.12]
	at org.apache.maven.surefire.junit4.JUnit4Provider.execute(JUnit4Provider.java:252) [surefire-junit4-2.12.4.jar:2.12.4]
	at org.apache.maven.surefire.junit4.JUnit4Provider.executeTestSet(JUnit4Provider.java:141) [surefire-junit4-2.12.4.jar:2.12.4]
	at org.apache.maven.surefire.junit4.JUnit4Provider.invoke(JUnit4Provider.java:112) [surefire-junit4-2.12.4.jar:2.12.4]
	at sun.reflect.NativeMethodAccessorImpl.invoke0(Native Method) ~[?:1.8.0_192]
	at sun.reflect.NativeMethodAccessorImpl.invoke(NativeMethodAccessorImpl.java:62) ~[?:1.8.0_192]
	at sun.reflect.DelegatingMethodAccessorImpl.invoke(DelegatingMethodAccessorImpl.java:43) ~[?:1.8.0_192]
	at java.lang.reflect.Method.invoke(Method.java:498) ~[?:1.8.0_192]
	at org.apache.maven.surefire.util.ReflectionUtils.invokeMethodWithArray(ReflectionUtils.java:189) [surefire-api-2.12.4.jar:2.12.4]
	at org.apache.maven.surefire.booter.ProviderFactory$ProviderProxy.invoke(ProviderFactory.java:165) [surefire-booter-2.12.4.jar:2.12.4]
	at org.apache.maven.surefire.booter.ProviderFactory.invokeProvider(ProviderFactory.java:85) [surefire-booter-2.12.4.jar:2.12.4]
	at org.apache.maven.surefire.booter.ForkedBooter.runSuitesInProcess(ForkedBooter.java:115) [surefire-booter-2.12.4.jar:2.12.4]
	at org.apache.maven.surefire.booter.ForkedBooter.main(ForkedBooter.java:75) [surefire-booter-2.12.4.jar:2.12.4]
[18:37:31:278] [INFO] - com.lud.test.util.comm.io.FileUtilTest.test(FileUtilTest.java:41) - false
[18:37:32:360] [INFO] - com.lud.test.util.comm.io.W3CXMLTest.test(W3CXMLTest.java:50) - false
[18:37:32:363] [INFO] - com.lud.test.util.comm.io.W3CXMLTest.test(W3CXMLTest.java:52) - <?xml version="1.0" encoding="utf-8" standalone="no"?>
<xml>
<xx>2</xx>
<dx>3</dx>
<cx>4</cx>
<ax>1</ax>
<sign>&lt;?xml version="1.0" encoding="utf-8" standalone="no"?&gt;&#13;
&lt;xml&gt;&#13;
&lt;xx&gt;2&lt;/xx&gt;&#13;
&lt;dx&gt;3&lt;/dx&gt;&#13;
&lt;cx&gt;4&lt;/cx&gt;&#13;
&lt;ax&gt;1&lt;/ax&gt;&#13;
&lt;sign&gt;B49E16C86279507429F12B439D5B4772&lt;/sign&gt;&#13;
&lt;/xml&gt;</sign>
</xml>

[18:37:32:445] [INFO] - com.lud.test.util.comm.io.W3CXMLTest.test(W3CXMLTest.java:53) - {"xx":"2","dx":"3","cx":"4","ax":"1","sign":"<?xml version=\"1.0\" encoding=\"utf-8\" standalone=\"no\"?>\r\n<xml>\r\n<xx>2</xx>\r\n<dx>3</dx>\r\n<cx>4</cx>\r\n<ax>1</ax>\r\n<sign>B49E16C86279507429F12B439D5B4772</sign>\r\n</xml>"}
[18:37:32:595] [INFO] - com.lud.util.comm.io.XMLUtil.resolveRootConfigByGroup(XMLUtil.java:86) - 获取XML属性出错
java.lang.NullPointerException: null
	at com.lud.util.comm.io.XMLUtil.resolveRootConfigByGroup(XMLUtil.java:79) [classes/:?]
	at com.lud.test.util.comm.io.XMLTest.test(XMLTest.java:62) [test-classes/:?]
	at sun.reflect.NativeMethodAccessorImpl.invoke0(Native Method) ~[?:1.8.0_192]
	at sun.reflect.NativeMethodAccessorImpl.invoke(NativeMethodAccessorImpl.java:62) ~[?:1.8.0_192]
	at sun.reflect.DelegatingMethodAccessorImpl.invoke(DelegatingMethodAccessorImpl.java:43) ~[?:1.8.0_192]
	at java.lang.reflect.Method.invoke(Method.java:498) ~[?:1.8.0_192]
	at org.junit.runners.model.FrameworkMethod$1.runReflectiveCall(FrameworkMethod.java:50) [junit-4.12.jar:4.12]
	at org.junit.internal.runners.model.ReflectiveCallable.run(ReflectiveCallable.java:12) [junit-4.12.jar:4.12]
	at org.junit.runners.model.FrameworkMethod.invokeExplosively(FrameworkMethod.java:47) [junit-4.12.jar:4.12]
	at org.junit.internal.runners.statements.InvokeMethod.evaluate(InvokeMethod.java:17) [junit-4.12.jar:4.12]
	at org.junit.runners.ParentRunner.runLeaf(ParentRunner.java:325) [junit-4.12.jar:4.12]
	at org.junit.runners.BlockJUnit4ClassRunner.runChild(BlockJUnit4ClassRunner.java:78) [junit-4.12.jar:4.12]
	at org.junit.runners.BlockJUnit4ClassRunner.runChild(BlockJUnit4ClassRunner.java:57) [junit-4.12.jar:4.12]
	at org.junit.runners.ParentRunner$3.run(ParentRunner.java:290) [junit-4.12.jar:4.12]
	at org.junit.runners.ParentRunner$1.schedule(ParentRunner.java:71) [junit-4.12.jar:4.12]
	at org.junit.runners.ParentRunner.runChildren(ParentRunner.java:288) [junit-4.12.jar:4.12]
	at org.junit.runners.ParentRunner.access$000(ParentRunner.java:58) [junit-4.12.jar:4.12]
	at org.junit.runners.ParentRunner$2.evaluate(ParentRunner.java:268) [junit-4.12.jar:4.12]
	at org.junit.runners.ParentRunner.run(ParentRunner.java:363) [junit-4.12.jar:4.12]
	at org.apache.maven.surefire.junit4.JUnit4Provider.execute(JUnit4Provider.java:252) [surefire-junit4-2.12.4.jar:2.12.4]
	at org.apache.maven.surefire.junit4.JUnit4Provider.executeTestSet(JUnit4Provider.java:141) [surefire-junit4-2.12.4.jar:2.12.4]
	at org.apache.maven.surefire.junit4.JUnit4Provider.invoke(JUnit4Provider.java:112) [surefire-junit4-2.12.4.jar:2.12.4]
	at sun.reflect.NativeMethodAccessorImpl.invoke0(Native Method) ~[?:1.8.0_192]
	at sun.reflect.NativeMethodAccessorImpl.invoke(NativeMethodAccessorImpl.java:62) ~[?:1.8.0_192]
	at sun.reflect.DelegatingMethodAccessorImpl.invoke(DelegatingMethodAccessorImpl.java:43) ~[?:1.8.0_192]
	at java.lang.reflect.Method.invoke(Method.java:498) ~[?:1.8.0_192]
	at org.apache.maven.surefire.util.ReflectionUtils.invokeMethodWithArray(ReflectionUtils.java:189) [surefire-api-2.12.4.jar:2.12.4]
	at org.apache.maven.surefire.booter.ProviderFactory$ProviderProxy.invoke(ProviderFactory.java:165) [surefire-booter-2.12.4.jar:2.12.4]
	at org.apache.maven.surefire.booter.ProviderFactory.invokeProvider(ProviderFactory.java:85) [surefire-booter-2.12.4.jar:2.12.4]
	at org.apache.maven.surefire.booter.ForkedBooter.runSuitesInProcess(ForkedBooter.java:115) [surefire-booter-2.12.4.jar:2.12.4]
	at org.apache.maven.surefire.booter.ForkedBooter.main(ForkedBooter.java:75) [surefire-booter-2.12.4.jar:2.12.4]
[18:37:32:602] [INFO] - com.lud.util.comm.io.XMLUtil.resolveRootConfigByGroup(XMLUtil.java:86) - 获取XML属性出错
java.lang.NullPointerException: null
	at com.lud.util.comm.io.XMLUtil.resolveRootConfigByGroup(XMLUtil.java:79) [classes/:?]
	at com.lud.test.util.comm.io.XMLTest.test(XMLTest.java:63) [test-classes/:?]
	at sun.reflect.NativeMethodAccessorImpl.invoke0(Native Method) ~[?:1.8.0_192]
	at sun.reflect.NativeMethodAccessorImpl.invoke(NativeMethodAccessorImpl.java:62) ~[?:1.8.0_192]
	at sun.reflect.DelegatingMethodAccessorImpl.invoke(DelegatingMethodAccessorImpl.java:43) ~[?:1.8.0_192]
	at java.lang.reflect.Method.invoke(Method.java:498) ~[?:1.8.0_192]
	at org.junit.runners.model.FrameworkMethod$1.runReflectiveCall(FrameworkMethod.java:50) [junit-4.12.jar:4.12]
	at org.junit.internal.runners.model.ReflectiveCallable.run(ReflectiveCallable.java:12) [junit-4.12.jar:4.12]
	at org.junit.runners.model.FrameworkMethod.invokeExplosively(FrameworkMethod.java:47) [junit-4.12.jar:4.12]
	at org.junit.internal.runners.statements.InvokeMethod.evaluate(InvokeMethod.java:17) [junit-4.12.jar:4.12]
	at org.junit.runners.ParentRunner.runLeaf(ParentRunner.java:325) [junit-4.12.jar:4.12]
	at org.junit.runners.BlockJUnit4ClassRunner.runChild(BlockJUnit4ClassRunner.java:78) [junit-4.12.jar:4.12]
	at org.junit.runners.BlockJUnit4ClassRunner.runChild(BlockJUnit4ClassRunner.java:57) [junit-4.12.jar:4.12]
	at org.junit.runners.ParentRunner$3.run(ParentRunner.java:290) [junit-4.12.jar:4.12]
	at org.junit.runners.ParentRunner$1.schedule(ParentRunner.java:71) [junit-4.12.jar:4.12]
	at org.junit.runners.ParentRunner.runChildren(ParentRunner.java:288) [junit-4.12.jar:4.12]
	at org.junit.runners.ParentRunner.access$000(ParentRunner.java:58) [junit-4.12.jar:4.12]
	at org.junit.runners.ParentRunner$2.evaluate(ParentRunner.java:268) [junit-4.12.jar:4.12]
	at org.junit.runners.ParentRunner.run(ParentRunner.java:363) [junit-4.12.jar:4.12]
	at org.apache.maven.surefire.junit4.JUnit4Provider.execute(JUnit4Provider.java:252) [surefire-junit4-2.12.4.jar:2.12.4]
	at org.apache.maven.surefire.junit4.JUnit4Provider.executeTestSet(JUnit4Provider.java:141) [surefire-junit4-2.12.4.jar:2.12.4]
	at org.apache.maven.surefire.junit4.JUnit4Provider.invoke(JUnit4Provider.java:112) [surefire-junit4-2.12.4.jar:2.12.4]
	at sun.reflect.NativeMethodAccessorImpl.invoke0(Native Method) ~[?:1.8.0_192]
	at sun.reflect.NativeMethodAccessorImpl.invoke(NativeMethodAccessorImpl.java:62) ~[?:1.8.0_192]
	at sun.reflect.DelegatingMethodAccessorImpl.invoke(DelegatingMethodAccessorImpl.java:43) ~[?:1.8.0_192]
	at java.lang.reflect.Method.invoke(Method.java:498) ~[?:1.8.0_192]
	at org.apache.maven.surefire.util.ReflectionUtils.invokeMethodWithArray(ReflectionUtils.java:189) [surefire-api-2.12.4.jar:2.12.4]
	at org.apache.maven.surefire.booter.ProviderFactory$ProviderProxy.invoke(ProviderFactory.java:165) [surefire-booter-2.12.4.jar:2.12.4]
	at org.apache.maven.surefire.booter.ProviderFactory.invokeProvider(ProviderFactory.java:85) [surefire-booter-2.12.4.jar:2.12.4]
	at org.apache.maven.surefire.booter.ForkedBooter.runSuitesInProcess(ForkedBooter.java:115) [surefire-booter-2.12.4.jar:2.12.4]
	at org.apache.maven.surefire.booter.ForkedBooter.main(ForkedBooter.java:75) [surefire-booter-2.12.4.jar:2.12.4]
[18:38:43:600] [INFO] - com.lud.test.util.comm.io.FileUtilTest.test(FileUtilTest.java:41) - false
[18:38:44:685] [INFO] - com.lud.test.util.comm.io.W3CXMLTest.test(W3CXMLTest.java:50) - false
[18:38:44:688] [INFO] - com.lud.test.util.comm.io.W3CXMLTest.test(W3CXMLTest.java:52) - <?xml version="1.0" encoding="utf-8" standalone="no"?>
<xml>
<xx>2</xx>
<dx>3</dx>
<cx>4</cx>
<ax>1</ax>
<sign>&lt;?xml version="1.0" encoding="utf-8" standalone="no"?&gt;&#13;
&lt;xml&gt;&#13;
&lt;xx&gt;2&lt;/xx&gt;&#13;
&lt;dx&gt;3&lt;/dx&gt;&#13;
&lt;cx&gt;4&lt;/cx&gt;&#13;
&lt;ax&gt;1&lt;/ax&gt;&#13;
&lt;sign&gt;B49E16C86279507429F12B439D5B4772&lt;/sign&gt;&#13;
&lt;/xml&gt;</sign>
</xml>

[18:38:44:778] [INFO] - com.lud.test.util.comm.io.W3CXMLTest.test(W3CXMLTest.java:53) - {"xx":"2","dx":"3","cx":"4","ax":"1","sign":"<?xml version=\"1.0\" encoding=\"utf-8\" standalone=\"no\"?>\r\n<xml>\r\n<xx>2</xx>\r\n<dx>3</dx>\r\n<cx>4</cx>\r\n<ax>1</ax>\r\n<sign>B49E16C86279507429F12B439D5B4772</sign>\r\n</xml>"}
[18:38:45:017] [INFO] - com.lud.util.comm.io.XMLUtil.resolveRootConfigByGroup(XMLUtil.java:86) - 获取XML属性出错
java.lang.NullPointerException: null
	at com.lud.util.comm.io.XMLUtil.resolveRootConfigByGroup(XMLUtil.java:79) [classes/:?]
	at com.lud.test.util.comm.io.XMLTest.test(XMLTest.java:62) [test-classes/:?]
	at sun.reflect.NativeMethodAccessorImpl.invoke0(Native Method) ~[?:1.8.0_192]
	at sun.reflect.NativeMethodAccessorImpl.invoke(NativeMethodAccessorImpl.java:62) ~[?:1.8.0_192]
	at sun.reflect.DelegatingMethodAccessorImpl.invoke(DelegatingMethodAccessorImpl.java:43) ~[?:1.8.0_192]
	at java.lang.reflect.Method.invoke(Method.java:498) ~[?:1.8.0_192]
	at org.junit.runners.model.FrameworkMethod$1.runReflectiveCall(FrameworkMethod.java:50) [junit-4.12.jar:4.12]
	at org.junit.internal.runners.model.ReflectiveCallable.run(ReflectiveCallable.java:12) [junit-4.12.jar:4.12]
	at org.junit.runners.model.FrameworkMethod.invokeExplosively(FrameworkMethod.java:47) [junit-4.12.jar:4.12]
	at org.junit.internal.runners.statements.InvokeMethod.evaluate(InvokeMethod.java:17) [junit-4.12.jar:4.12]
	at org.junit.runners.ParentRunner.runLeaf(ParentRunner.java:325) [junit-4.12.jar:4.12]
	at org.junit.runners.BlockJUnit4ClassRunner.runChild(BlockJUnit4ClassRunner.java:78) [junit-4.12.jar:4.12]
	at org.junit.runners.BlockJUnit4ClassRunner.runChild(BlockJUnit4ClassRunner.java:57) [junit-4.12.jar:4.12]
	at org.junit.runners.ParentRunner$3.run(ParentRunner.java:290) [junit-4.12.jar:4.12]
	at org.junit.runners.ParentRunner$1.schedule(ParentRunner.java:71) [junit-4.12.jar:4.12]
	at org.junit.runners.ParentRunner.runChildren(ParentRunner.java:288) [junit-4.12.jar:4.12]
	at org.junit.runners.ParentRunner.access$000(ParentRunner.java:58) [junit-4.12.jar:4.12]
	at org.junit.runners.ParentRunner$2.evaluate(ParentRunner.java:268) [junit-4.12.jar:4.12]
	at org.junit.runners.ParentRunner.run(ParentRunner.java:363) [junit-4.12.jar:4.12]
	at org.apache.maven.surefire.junit4.JUnit4Provider.execute(JUnit4Provider.java:252) [surefire-junit4-2.12.4.jar:2.12.4]
	at org.apache.maven.surefire.junit4.JUnit4Provider.executeTestSet(JUnit4Provider.java:141) [surefire-junit4-2.12.4.jar:2.12.4]
	at org.apache.maven.surefire.junit4.JUnit4Provider.invoke(JUnit4Provider.java:112) [surefire-junit4-2.12.4.jar:2.12.4]
	at sun.reflect.NativeMethodAccessorImpl.invoke0(Native Method) ~[?:1.8.0_192]
	at sun.reflect.NativeMethodAccessorImpl.invoke(NativeMethodAccessorImpl.java:62) ~[?:1.8.0_192]
	at sun.reflect.DelegatingMethodAccessorImpl.invoke(DelegatingMethodAccessorImpl.java:43) ~[?:1.8.0_192]
	at java.lang.reflect.Method.invoke(Method.java:498) ~[?:1.8.0_192]
	at org.apache.maven.surefire.util.ReflectionUtils.invokeMethodWithArray(ReflectionUtils.java:189) [surefire-api-2.12.4.jar:2.12.4]
	at org.apache.maven.surefire.booter.ProviderFactory$ProviderProxy.invoke(ProviderFactory.java:165) [surefire-booter-2.12.4.jar:2.12.4]
	at org.apache.maven.surefire.booter.ProviderFactory.invokeProvider(ProviderFactory.java:85) [surefire-booter-2.12.4.jar:2.12.4]
	at org.apache.maven.surefire.booter.ForkedBooter.runSuitesInProcess(ForkedBooter.java:115) [surefire-booter-2.12.4.jar:2.12.4]
	at org.apache.maven.surefire.booter.ForkedBooter.main(ForkedBooter.java:75) [surefire-booter-2.12.4.jar:2.12.4]
[18:38:51:727] [INFO] - com.lud.util.comm.runtime.RuntimeCounter.count(RuntimeCounter.java:50) - l耗时:172ms
[18:38:51:728] [INFO] - com.lud.test.util.comm.server.ServerResourceTest.test(ServerResourceTest.java:40) - /lud-resource/d
[18:38:51:729] [INFO] - com.lud.test.util.comm.util.CommTest.test(CommTest.java:32) - 0.0
[18:38:51:730] [INFO] - com.lud.test.util.comm.util.CommTest.test(CommTest.java:32) - 0.0
[18:38:51:730] [INFO] - com.lud.test.util.comm.util.CommTest.test(CommTest.java:32) - 0.0
[18:38:51:731] [INFO] - com.lud.test.util.comm.util.CommTest.test(CommTest.java:32) - 0.1
[18:38:51:731] [INFO] - com.lud.test.util.comm.util.CommTest.test(CommTest.java:32) - 0.1
[18:38:51:731] [INFO] - com.lud.test.util.comm.util.CommTest.test(CommTest.java:32) - 0.1
[18:38:51:732] [INFO] - com.lud.test.util.comm.util.CommTest.test(CommTest.java:32) - 0.2
[18:38:51:732] [INFO] - com.lud.test.util.comm.util.CommTest.test(CommTest.java:32) - 0.2
[18:38:51:732] [INFO] - com.lud.test.util.comm.util.CommTest.test(CommTest.java:32) - 0.2
[18:38:51:732] [INFO] - com.lud.test.util.comm.util.CommTest.test(CommTest.java:32) - 0.30000000000000004
[18:38:52:293] [INFO] - com.lud.test.util.comm.util.DEncryptCommTest.testAES(DEncryptCommTest.java:36) - 2DF801AC7BDF95CE9EA719B44290BBED
[18:38:52:493] [INFO] - com.lud.test.util.comm.util.DEncryptExceptionTest.testAES(DEncryptExceptionTest.java:51) - java.lang.NullPointerException
[18:38:52:494] [INFO] - com.lud.test.util.comm.util.DEncryptExceptionTest.testDES(DEncryptExceptionTest.java:65) - java.lang.NullPointerException
[18:38:52:495] [INFO] - com.lud.test.util.comm.util.DEncryptExceptionTest.testPBE(DEncryptExceptionTest.java:128) - java.lang.NullPointerException
[18:38:52:498] [INFO] - com.lud.test.util.comm.util.DEncryptExceptionTest.testHMAC(DEncryptExceptionTest.java:114) - java.lang.NullPointerException
[18:38:52:636] [INFO] - com.lud.test.util.comm.util.DEncryptExceptionTest.testGetMD5(DEncryptExceptionTest.java:91) - java.lang.NullPointerException
[18:38:52:897] [INFO] - com.lud.test.util.comm.util.SubstrTest.test(SubstrTest.java:31) - 192115
[18:38:52:897] [INFO] - com.lud.test.util.comm.util.SubstrTest.test(SubstrTest.java:32) - 120401
[18:39:55:249] [INFO] - com.lud.test.util.comm.io.FileUtilTest.test(FileUtilTest.java:41) - false
[18:39:56:362] [INFO] - com.lud.test.util.comm.io.W3CXMLTest.test(W3CXMLTest.java:50) - false
[18:39:56:364] [INFO] - com.lud.test.util.comm.io.W3CXMLTest.test(W3CXMLTest.java:52) - <?xml version="1.0" encoding="utf-8" standalone="no"?>
<xml>
<xx>2</xx>
<dx>3</dx>
<cx>4</cx>
<ax>1</ax>
<sign>&lt;?xml version="1.0" encoding="utf-8" standalone="no"?&gt;&#13;
&lt;xml&gt;&#13;
&lt;xx&gt;2&lt;/xx&gt;&#13;
&lt;dx&gt;3&lt;/dx&gt;&#13;
&lt;cx&gt;4&lt;/cx&gt;&#13;
&lt;ax&gt;1&lt;/ax&gt;&#13;
&lt;sign&gt;B49E16C86279507429F12B439D5B4772&lt;/sign&gt;&#13;
&lt;/xml&gt;</sign>
</xml>

[18:39:56:417] [INFO] - com.lud.test.util.comm.io.W3CXMLTest.test(W3CXMLTest.java:53) - {"xx":"2","dx":"3","cx":"4","ax":"1","sign":"<?xml version=\"1.0\" encoding=\"utf-8\" standalone=\"no\"?>\r\n<xml>\r\n<xx>2</xx>\r\n<dx>3</dx>\r\n<cx>4</cx>\r\n<ax>1</ax>\r\n<sign>B49E16C86279507429F12B439D5B4772</sign>\r\n</xml>"}
[18:39:56:738] [INFO] - com.lud.util.comm.io.XMLUtil.resolveRootConfigByGroup(XMLUtil.java:86) - 获取XML属性出错
java.lang.NullPointerException: null
	at com.lud.util.comm.io.XMLUtil.resolveRootConfigByGroup(XMLUtil.java:79) [classes/:?]
	at com.lud.test.util.comm.io.XMLTest.test(XMLTest.java:62) [test-classes/:?]
	at sun.reflect.NativeMethodAccessorImpl.invoke0(Native Method) ~[?:1.8.0_192]
	at sun.reflect.NativeMethodAccessorImpl.invoke(NativeMethodAccessorImpl.java:62) ~[?:1.8.0_192]
	at sun.reflect.DelegatingMethodAccessorImpl.invoke(DelegatingMethodAccessorImpl.java:43) ~[?:1.8.0_192]
	at java.lang.reflect.Method.invoke(Method.java:498) ~[?:1.8.0_192]
	at org.junit.runners.model.FrameworkMethod$1.runReflectiveCall(FrameworkMethod.java:50) [junit-4.12.jar:4.12]
	at org.junit.internal.runners.model.ReflectiveCallable.run(ReflectiveCallable.java:12) [junit-4.12.jar:4.12]
	at org.junit.runners.model.FrameworkMethod.invokeExplosively(FrameworkMethod.java:47) [junit-4.12.jar:4.12]
	at org.junit.internal.runners.statements.InvokeMethod.evaluate(InvokeMethod.java:17) [junit-4.12.jar:4.12]
	at org.junit.runners.ParentRunner.runLeaf(ParentRunner.java:325) [junit-4.12.jar:4.12]
	at org.junit.runners.BlockJUnit4ClassRunner.runChild(BlockJUnit4ClassRunner.java:78) [junit-4.12.jar:4.12]
	at org.junit.runners.BlockJUnit4ClassRunner.runChild(BlockJUnit4ClassRunner.java:57) [junit-4.12.jar:4.12]
	at org.junit.runners.ParentRunner$3.run(ParentRunner.java:290) [junit-4.12.jar:4.12]
	at org.junit.runners.ParentRunner$1.schedule(ParentRunner.java:71) [junit-4.12.jar:4.12]
	at org.junit.runners.ParentRunner.runChildren(ParentRunner.java:288) [junit-4.12.jar:4.12]
	at org.junit.runners.ParentRunner.access$000(ParentRunner.java:58) [junit-4.12.jar:4.12]
	at org.junit.runners.ParentRunner$2.evaluate(ParentRunner.java:268) [junit-4.12.jar:4.12]
	at org.junit.runners.ParentRunner.run(ParentRunner.java:363) [junit-4.12.jar:4.12]
	at org.apache.maven.surefire.junit4.JUnit4Provider.execute(JUnit4Provider.java:252) [surefire-junit4-2.12.4.jar:2.12.4]
	at org.apache.maven.surefire.junit4.JUnit4Provider.executeTestSet(JUnit4Provider.java:141) [surefire-junit4-2.12.4.jar:2.12.4]
	at org.apache.maven.surefire.junit4.JUnit4Provider.invoke(JUnit4Provider.java:112) [surefire-junit4-2.12.4.jar:2.12.4]
	at sun.reflect.NativeMethodAccessorImpl.invoke0(Native Method) ~[?:1.8.0_192]
	at sun.reflect.NativeMethodAccessorImpl.invoke(NativeMethodAccessorImpl.java:62) ~[?:1.8.0_192]
	at sun.reflect.DelegatingMethodAccessorImpl.invoke(DelegatingMethodAccessorImpl.java:43) ~[?:1.8.0_192]
	at java.lang.reflect.Method.invoke(Method.java:498) ~[?:1.8.0_192]
	at org.apache.maven.surefire.util.ReflectionUtils.invokeMethodWithArray(ReflectionUtils.java:189) [surefire-api-2.12.4.jar:2.12.4]
	at org.apache.maven.surefire.booter.ProviderFactory$ProviderProxy.invoke(ProviderFactory.java:165) [surefire-booter-2.12.4.jar:2.12.4]
	at org.apache.maven.surefire.booter.ProviderFactory.invokeProvider(ProviderFactory.java:85) [surefire-booter-2.12.4.jar:2.12.4]
	at org.apache.maven.surefire.booter.ForkedBooter.runSuitesInProcess(ForkedBooter.java:115) [surefire-booter-2.12.4.jar:2.12.4]
	at org.apache.maven.surefire.booter.ForkedBooter.main(ForkedBooter.java:75) [surefire-booter-2.12.4.jar:2.12.4]
[18:51:11:936] [INFO] - com.lud.test.util.comm.io.FileUtilTest.test(FileUtilTest.java:41) - false
[18:51:13:165] [INFO] - com.lud.test.util.comm.io.W3CXMLTest.test(W3CXMLTest.java:50) - false
[18:51:13:167] [INFO] - com.lud.test.util.comm.io.W3CXMLTest.test(W3CXMLTest.java:52) - <?xml version="1.0" encoding="utf-8" standalone="no"?>
<xml>
<xx>2</xx>
<dx>3</dx>
<cx>4</cx>
<ax>1</ax>
<sign>&lt;?xml version="1.0" encoding="utf-8" standalone="no"?&gt;&#13;
&lt;xml&gt;&#13;
&lt;xx&gt;2&lt;/xx&gt;&#13;
&lt;dx&gt;3&lt;/dx&gt;&#13;
&lt;cx&gt;4&lt;/cx&gt;&#13;
&lt;ax&gt;1&lt;/ax&gt;&#13;
&lt;sign&gt;B49E16C86279507429F12B439D5B4772&lt;/sign&gt;&#13;
&lt;/xml&gt;</sign>
</xml>

[18:51:13:232] [INFO] - com.lud.test.util.comm.io.W3CXMLTest.test(W3CXMLTest.java:53) - {"xx":"2","dx":"3","cx":"4","ax":"1","sign":"<?xml version=\"1.0\" encoding=\"utf-8\" standalone=\"no\"?>\r\n<xml>\r\n<xx>2</xx>\r\n<dx>3</dx>\r\n<cx>4</cx>\r\n<ax>1</ax>\r\n<sign>B49E16C86279507429F12B439D5B4772</sign>\r\n</xml>"}
[18:51:13:443] [INFO] - com.lud.util.comm.io.XMLUtil.resolveRootConfigByGroup(XMLUtil.java:86) - 获取XML属性出错
java.lang.NullPointerException: null
	at com.lud.util.comm.io.XMLUtil.resolveRootConfigByGroup(XMLUtil.java:79) [classes/:?]
	at com.lud.test.util.comm.io.XMLTest.test(XMLTest.java:62) [test-classes/:?]
	at sun.reflect.NativeMethodAccessorImpl.invoke0(Native Method) ~[?:1.8.0_192]
	at sun.reflect.NativeMethodAccessorImpl.invoke(NativeMethodAccessorImpl.java:62) ~[?:1.8.0_192]
	at sun.reflect.DelegatingMethodAccessorImpl.invoke(DelegatingMethodAccessorImpl.java:43) ~[?:1.8.0_192]
	at java.lang.reflect.Method.invoke(Method.java:498) ~[?:1.8.0_192]
	at org.junit.runners.model.FrameworkMethod$1.runReflectiveCall(FrameworkMethod.java:50) [junit-4.12.jar:4.12]
	at org.junit.internal.runners.model.ReflectiveCallable.run(ReflectiveCallable.java:12) [junit-4.12.jar:4.12]
	at org.junit.runners.model.FrameworkMethod.invokeExplosively(FrameworkMethod.java:47) [junit-4.12.jar:4.12]
	at org.junit.internal.runners.statements.InvokeMethod.evaluate(InvokeMethod.java:17) [junit-4.12.jar:4.12]
	at org.junit.runners.ParentRunner.runLeaf(ParentRunner.java:325) [junit-4.12.jar:4.12]
	at org.junit.runners.BlockJUnit4ClassRunner.runChild(BlockJUnit4ClassRunner.java:78) [junit-4.12.jar:4.12]
	at org.junit.runners.BlockJUnit4ClassRunner.runChild(BlockJUnit4ClassRunner.java:57) [junit-4.12.jar:4.12]
	at org.junit.runners.ParentRunner$3.run(ParentRunner.java:290) [junit-4.12.jar:4.12]
	at org.junit.runners.ParentRunner$1.schedule(ParentRunner.java:71) [junit-4.12.jar:4.12]
	at org.junit.runners.ParentRunner.runChildren(ParentRunner.java:288) [junit-4.12.jar:4.12]
	at org.junit.runners.ParentRunner.access$000(ParentRunner.java:58) [junit-4.12.jar:4.12]
	at org.junit.runners.ParentRunner$2.evaluate(ParentRunner.java:268) [junit-4.12.jar:4.12]
	at org.junit.runners.ParentRunner.run(ParentRunner.java:363) [junit-4.12.jar:4.12]
	at org.apache.maven.surefire.junit4.JUnit4Provider.execute(JUnit4Provider.java:252) [surefire-junit4-2.12.4.jar:2.12.4]
	at org.apache.maven.surefire.junit4.JUnit4Provider.executeTestSet(JUnit4Provider.java:141) [surefire-junit4-2.12.4.jar:2.12.4]
	at org.apache.maven.surefire.junit4.JUnit4Provider.invoke(JUnit4Provider.java:112) [surefire-junit4-2.12.4.jar:2.12.4]
	at sun.reflect.NativeMethodAccessorImpl.invoke0(Native Method) ~[?:1.8.0_192]
	at sun.reflect.NativeMethodAccessorImpl.invoke(NativeMethodAccessorImpl.java:62) ~[?:1.8.0_192]
	at sun.reflect.DelegatingMethodAccessorImpl.invoke(DelegatingMethodAccessorImpl.java:43) ~[?:1.8.0_192]
	at java.lang.reflect.Method.invoke(Method.java:498) ~[?:1.8.0_192]
	at org.apache.maven.surefire.util.ReflectionUtils.invokeMethodWithArray(ReflectionUtils.java:189) [surefire-api-2.12.4.jar:2.12.4]
	at org.apache.maven.surefire.booter.ProviderFactory$ProviderProxy.invoke(ProviderFactory.java:165) [surefire-booter-2.12.4.jar:2.12.4]
	at org.apache.maven.surefire.booter.ProviderFactory.invokeProvider(ProviderFactory.java:85) [surefire-booter-2.12.4.jar:2.12.4]
	at org.apache.maven.surefire.booter.ForkedBooter.runSuitesInProcess(ForkedBooter.java:115) [surefire-booter-2.12.4.jar:2.12.4]
	at org.apache.maven.surefire.booter.ForkedBooter.main(ForkedBooter.java:75) [surefire-booter-2.12.4.jar:2.12.4]
[18:51:17:807] [INFO] - com.lud.util.comm.runtime.RuntimeCounter.count(RuntimeCounter.java:50) - l耗时:22ms
[18:51:17:817] [INFO] - com.lud.test.util.comm.server.ServerResourceTest.test(ServerResourceTest.java:40) - /lud-resource/d
[18:51:17:819] [INFO] - com.lud.test.util.comm.util.CommTest.test(CommTest.java:32) - 0.0
[18:51:17:819] [INFO] - com.lud.test.util.comm.util.CommTest.test(CommTest.java:32) - 0.0
[18:51:17:820] [INFO] - com.lud.test.util.comm.util.CommTest.test(CommTest.java:32) - 0.0
[18:51:17:821] [INFO] - com.lud.test.util.comm.util.CommTest.test(CommTest.java:32) - 0.1
[18:51:17:822] [INFO] - com.lud.test.util.comm.util.CommTest.test(CommTest.java:32) - 0.1
[18:51:17:826] [INFO] - com.lud.test.util.comm.util.CommTest.test(CommTest.java:32) - 0.1
[18:51:17:826] [INFO] - com.lud.test.util.comm.util.CommTest.test(CommTest.java:32) - 0.2
[18:51:17:826] [INFO] - com.lud.test.util.comm.util.CommTest.test(CommTest.java:32) - 0.2
[18:51:17:827] [INFO] - com.lud.test.util.comm.util.CommTest.test(CommTest.java:32) - 0.2
[18:51:17:827] [INFO] - com.lud.test.util.comm.util.CommTest.test(CommTest.java:32) - 0.30000000000000004
[18:51:18:258] [INFO] - com.lud.test.util.comm.util.DEncryptCommTest.testAES(DEncryptCommTest.java:36) - 2DF801AC7BDF95CE9EA719B44290BBED
[18:51:18:293] [INFO] - com.lud.test.util.comm.util.DEncryptExceptionTest.testAES(DEncryptExceptionTest.java:51) - java.lang.NullPointerException
[18:51:18:294] [INFO] - com.lud.test.util.comm.util.DEncryptExceptionTest.testDES(DEncryptExceptionTest.java:65) - java.lang.NullPointerException
[18:51:18:295] [INFO] - com.lud.test.util.comm.util.DEncryptExceptionTest.testPBE(DEncryptExceptionTest.java:128) - java.lang.NullPointerException
[18:51:18:297] [INFO] - com.lud.test.util.comm.util.DEncryptExceptionTest.testHMAC(DEncryptExceptionTest.java:114) - java.lang.NullPointerException
[18:51:18:452] [INFO] - com.lud.test.util.comm.util.DEncryptExceptionTest.testGetMD5(DEncryptExceptionTest.java:91) - java.lang.NullPointerException
[18:51:18:565] [INFO] - com.lud.test.util.comm.util.SubstrTest.test(SubstrTest.java:31) - 192115
[18:51:18:565] [INFO] - com.lud.test.util.comm.util.SubstrTest.test(SubstrTest.java:32) - 120401
[18:52:01:887] [INFO] - com.lud.test.util.comm.io.FileUtilTest.test(FileUtilTest.java:41) - false
[18:52:02:915] [INFO] - com.lud.test.util.comm.io.W3CXMLTest.test(W3CXMLTest.java:50) - false
[18:52:02:917] [INFO] - com.lud.test.util.comm.io.W3CXMLTest.test(W3CXMLTest.java:52) - <?xml version="1.0" encoding="utf-8" standalone="no"?>
<xml>
<xx>2</xx>
<dx>3</dx>
<cx>4</cx>
<ax>1</ax>
<sign>&lt;?xml version="1.0" encoding="utf-8" standalone="no"?&gt;&#13;
&lt;xml&gt;&#13;
&lt;xx&gt;2&lt;/xx&gt;&#13;
&lt;dx&gt;3&lt;/dx&gt;&#13;
&lt;cx&gt;4&lt;/cx&gt;&#13;
&lt;ax&gt;1&lt;/ax&gt;&#13;
&lt;sign&gt;B49E16C86279507429F12B439D5B4772&lt;/sign&gt;&#13;
&lt;/xml&gt;</sign>
</xml>

[18:52:02:999] [INFO] - com.lud.test.util.comm.io.W3CXMLTest.test(W3CXMLTest.java:53) - {"xx":"2","dx":"3","cx":"4","ax":"1","sign":"<?xml version=\"1.0\" encoding=\"utf-8\" standalone=\"no\"?>\r\n<xml>\r\n<xx>2</xx>\r\n<dx>3</dx>\r\n<cx>4</cx>\r\n<ax>1</ax>\r\n<sign>B49E16C86279507429F12B439D5B4772</sign>\r\n</xml>"}
[18:52:03:166] [INFO] - com.lud.util.comm.io.XMLUtil.resolveRootConfigByGroup(XMLUtil.java:86) - 获取XML属性出错
java.lang.NullPointerException: null
	at com.lud.util.comm.io.XMLUtil.resolveRootConfigByGroup(XMLUtil.java:79) [classes/:?]
	at com.lud.test.util.comm.io.XMLTest.test(XMLTest.java:62) [test-classes/:?]
	at sun.reflect.NativeMethodAccessorImpl.invoke0(Native Method) ~[?:1.8.0_192]
	at sun.reflect.NativeMethodAccessorImpl.invoke(NativeMethodAccessorImpl.java:62) ~[?:1.8.0_192]
	at sun.reflect.DelegatingMethodAccessorImpl.invoke(DelegatingMethodAccessorImpl.java:43) ~[?:1.8.0_192]
	at java.lang.reflect.Method.invoke(Method.java:498) ~[?:1.8.0_192]
	at org.junit.runners.model.FrameworkMethod$1.runReflectiveCall(FrameworkMethod.java:50) [junit-4.12.jar:4.12]
	at org.junit.internal.runners.model.ReflectiveCallable.run(ReflectiveCallable.java:12) [junit-4.12.jar:4.12]
	at org.junit.runners.model.FrameworkMethod.invokeExplosively(FrameworkMethod.java:47) [junit-4.12.jar:4.12]
	at org.junit.internal.runners.statements.InvokeMethod.evaluate(InvokeMethod.java:17) [junit-4.12.jar:4.12]
	at org.junit.runners.ParentRunner.runLeaf(ParentRunner.java:325) [junit-4.12.jar:4.12]
	at org.junit.runners.BlockJUnit4ClassRunner.runChild(BlockJUnit4ClassRunner.java:78) [junit-4.12.jar:4.12]
	at org.junit.runners.BlockJUnit4ClassRunner.runChild(BlockJUnit4ClassRunner.java:57) [junit-4.12.jar:4.12]
	at org.junit.runners.ParentRunner$3.run(ParentRunner.java:290) [junit-4.12.jar:4.12]
	at org.junit.runners.ParentRunner$1.schedule(ParentRunner.java:71) [junit-4.12.jar:4.12]
	at org.junit.runners.ParentRunner.runChildren(ParentRunner.java:288) [junit-4.12.jar:4.12]
	at org.junit.runners.ParentRunner.access$000(ParentRunner.java:58) [junit-4.12.jar:4.12]
	at org.junit.runners.ParentRunner$2.evaluate(ParentRunner.java:268) [junit-4.12.jar:4.12]
	at org.junit.runners.ParentRunner.run(ParentRunner.java:363) [junit-4.12.jar:4.12]
	at org.apache.maven.surefire.junit4.JUnit4Provider.execute(JUnit4Provider.java:252) [surefire-junit4-2.12.4.jar:2.12.4]
	at org.apache.maven.surefire.junit4.JUnit4Provider.executeTestSet(JUnit4Provider.java:141) [surefire-junit4-2.12.4.jar:2.12.4]
	at org.apache.maven.surefire.junit4.JUnit4Provider.invoke(JUnit4Provider.java:112) [surefire-junit4-2.12.4.jar:2.12.4]
	at sun.reflect.NativeMethodAccessorImpl.invoke0(Native Method) ~[?:1.8.0_192]
	at sun.reflect.NativeMethodAccessorImpl.invoke(NativeMethodAccessorImpl.java:62) ~[?:1.8.0_192]
	at sun.reflect.DelegatingMethodAccessorImpl.invoke(DelegatingMethodAccessorImpl.java:43) ~[?:1.8.0_192]
	at java.lang.reflect.Method.invoke(Method.java:498) ~[?:1.8.0_192]
	at org.apache.maven.surefire.util.ReflectionUtils.invokeMethodWithArray(ReflectionUtils.java:189) [surefire-api-2.12.4.jar:2.12.4]
	at org.apache.maven.surefire.booter.ProviderFactory$ProviderProxy.invoke(ProviderFactory.java:165) [surefire-booter-2.12.4.jar:2.12.4]
	at org.apache.maven.surefire.booter.ProviderFactory.invokeProvider(ProviderFactory.java:85) [surefire-booter-2.12.4.jar:2.12.4]
	at org.apache.maven.surefire.booter.ForkedBooter.runSuitesInProcess(ForkedBooter.java:115) [surefire-booter-2.12.4.jar:2.12.4]
	at org.apache.maven.surefire.booter.ForkedBooter.main(ForkedBooter.java:75) [surefire-booter-2.12.4.jar:2.12.4]
[18:52:12:249] [INFO] - com.lud.util.comm.runtime.RuntimeCounter.count(RuntimeCounter.java:50) - l耗时:14ms
[18:52:12:251] [INFO] - com.lud.test.util.comm.server.ServerResourceTest.test(ServerResourceTest.java:40) - /lud-resource/d
[18:52:12:253] [INFO] - com.lud.test.util.comm.util.CommTest.test(CommTest.java:32) - 0.0
[18:52:12:254] [INFO] - com.lud.test.util.comm.util.CommTest.test(CommTest.java:32) - 0.0
[18:52:12:254] [INFO] - com.lud.test.util.comm.util.CommTest.test(CommTest.java:32) - 0.0
[18:52:12:254] [INFO] - com.lud.test.util.comm.util.CommTest.test(CommTest.java:32) - 0.1
[18:52:12:255] [INFO] - com.lud.test.util.comm.util.CommTest.test(CommTest.java:32) - 0.1
[18:52:12:256] [INFO] - com.lud.test.util.comm.util.CommTest.test(CommTest.java:32) - 0.1
[18:52:12:256] [INFO] - com.lud.test.util.comm.util.CommTest.test(CommTest.java:32) - 0.2
[18:52:12:256] [INFO] - com.lud.test.util.comm.util.CommTest.test(CommTest.java:32) - 0.2
[18:52:12:257] [INFO] - com.lud.test.util.comm.util.CommTest.test(CommTest.java:32) - 0.2
[18:52:12:257] [INFO] - com.lud.test.util.comm.util.CommTest.test(CommTest.java:32) - 0.30000000000000004
[18:52:12:851] [INFO] - com.lud.test.util.comm.util.DEncryptCommTest.testAES(DEncryptCommTest.java:36) - 2DF801AC7BDF95CE9EA719B44290BBED
[18:52:12:885] [INFO] - com.lud.test.util.comm.util.DEncryptExceptionTest.testAES(DEncryptExceptionTest.java:51) - java.lang.NullPointerException
[18:52:12:886] [INFO] - com.lud.test.util.comm.util.DEncryptExceptionTest.testDES(DEncryptExceptionTest.java:65) - java.lang.NullPointerException
[18:52:12:887] [INFO] - com.lud.test.util.comm.util.DEncryptExceptionTest.testPBE(DEncryptExceptionTest.java:128) - java.lang.NullPointerException
[18:52:12:890] [INFO] - com.lud.test.util.comm.util.DEncryptExceptionTest.testHMAC(DEncryptExceptionTest.java:114) - java.lang.NullPointerException
[18:52:13:029] [INFO] - com.lud.test.util.comm.util.DEncryptExceptionTest.testGetMD5(DEncryptExceptionTest.java:91) - java.lang.NullPointerException
[18:52:13:215] [INFO] - com.lud.test.util.comm.util.SubstrTest.test(SubstrTest.java:31) - 192115
[18:52:13:215] [INFO] - com.lud.test.util.comm.util.SubstrTest.test(SubstrTest.java:32) - 120401
[18:53:08:442] [INFO] - com.lud.test.util.comm.io.FileUtilTest.test(FileUtilTest.java:41) - false
[18:53:09:587] [INFO] - com.lud.test.util.comm.io.W3CXMLTest.test(W3CXMLTest.java:50) - false
[18:53:09:590] [INFO] - com.lud.test.util.comm.io.W3CXMLTest.test(W3CXMLTest.java:52) - <?xml version="1.0" encoding="utf-8" standalone="no"?>
<xml>
<xx>2</xx>
<dx>3</dx>
<cx>4</cx>
<ax>1</ax>
<sign>&lt;?xml version="1.0" encoding="utf-8" standalone="no"?&gt;&#13;
&lt;xml&gt;&#13;
&lt;xx&gt;2&lt;/xx&gt;&#13;
&lt;dx&gt;3&lt;/dx&gt;&#13;
&lt;cx&gt;4&lt;/cx&gt;&#13;
&lt;ax&gt;1&lt;/ax&gt;&#13;
&lt;sign&gt;B49E16C86279507429F12B439D5B4772&lt;/sign&gt;&#13;
&lt;/xml&gt;</sign>
</xml>

[18:53:09:665] [INFO] - com.lud.test.util.comm.io.W3CXMLTest.test(W3CXMLTest.java:53) - {"xx":"2","dx":"3","cx":"4","ax":"1","sign":"<?xml version=\"1.0\" encoding=\"utf-8\" standalone=\"no\"?>\r\n<xml>\r\n<xx>2</xx>\r\n<dx>3</dx>\r\n<cx>4</cx>\r\n<ax>1</ax>\r\n<sign>B49E16C86279507429F12B439D5B4772</sign>\r\n</xml>"}
[18:53:15:898] [INFO] - com.lud.util.comm.runtime.RuntimeCounter.count(RuntimeCounter.java:50) - l耗时:11ms
[18:53:15:904] [INFO] - com.lud.test.util.comm.server.ServerResourceTest.test(ServerResourceTest.java:40) - D:/Aworkspace/lud-parent/lud-resource/d
[18:53:15:907] [INFO] - com.lud.test.util.comm.util.CommTest.test(CommTest.java:32) - 0.0
[18:53:15:908] [INFO] - com.lud.test.util.comm.util.CommTest.test(CommTest.java:32) - 0.0
[18:53:15:909] [INFO] - com.lud.test.util.comm.util.CommTest.test(CommTest.java:32) - 0.0
[18:53:15:910] [INFO] - com.lud.test.util.comm.util.CommTest.test(CommTest.java:32) - 0.1
[18:53:15:910] [INFO] - com.lud.test.util.comm.util.CommTest.test(CommTest.java:32) - 0.1
[18:53:15:910] [INFO] - com.lud.test.util.comm.util.CommTest.test(CommTest.java:32) - 0.1
[18:53:15:911] [INFO] - com.lud.test.util.comm.util.CommTest.test(CommTest.java:32) - 0.2
[18:53:15:911] [INFO] - com.lud.test.util.comm.util.CommTest.test(CommTest.java:32) - 0.2
[18:53:15:912] [INFO] - com.lud.test.util.comm.util.CommTest.test(CommTest.java:32) - 0.2
[18:53:15:912] [INFO] - com.lud.test.util.comm.util.CommTest.test(CommTest.java:32) - 0.30000000000000004
[18:53:16:422] [INFO] - com.lud.test.util.comm.util.DEncryptCommTest.testAES(DEncryptCommTest.java:36) - 2DF801AC7BDF95CE9EA719B44290BBED
[18:53:16:458] [INFO] - com.lud.test.util.comm.util.DEncryptExceptionTest.testAES(DEncryptExceptionTest.java:51) - java.lang.NullPointerException
[18:53:16:460] [INFO] - com.lud.test.util.comm.util.DEncryptExceptionTest.testDES(DEncryptExceptionTest.java:65) - java.lang.NullPointerException
[18:53:16:461] [INFO] - com.lud.test.util.comm.util.DEncryptExceptionTest.testPBE(DEncryptExceptionTest.java:128) - java.lang.NullPointerException
[18:53:16:464] [INFO] - com.lud.test.util.comm.util.DEncryptExceptionTest.testHMAC(DEncryptExceptionTest.java:114) - java.lang.NullPointerException
[18:53:16:618] [INFO] - com.lud.test.util.comm.util.DEncryptExceptionTest.testGetMD5(DEncryptExceptionTest.java:91) - java.lang.NullPointerException
[18:53:16:773] [INFO] - com.lud.test.util.comm.util.SubstrTest.test(SubstrTest.java:31) - 192115
[18:53:16:773] [INFO] - com.lud.test.util.comm.util.SubstrTest.test(SubstrTest.java:32) - 120401
